<?xml version="1.0" encoding="utf-8"?><testsuites name="pytest tests"><testsuite name="pytest" errors="0" failures="0" skipped="0" tests="24" time="12.391" timestamp="2026-09-25T13:19:33.444469+00:00" hostname="agent-env-97a49d5d-841c-45d8-9932-6d70e6af761d"><testcase classname="tests.test_horizoncare_api.TestCatalog" name="test_locations" time="0.320" /><testcase classname="tests.test_horizoncare_api.TestAuth" name="test_health" time="0.378" /><testcase classname="tests.test_horizoncare_api.TestCatalog" name="test_specializations_by_location" time="0.133" /><testcase classname="tests.test_horizoncare_api.TestAuth" name="test_login_patient" time="0.363" /><testcase classname="tests.test_horizoncare_api.TestCatalog" name="test_hospitals_by_location" time="0.288" /><testcase classname="tests.test_horizoncare_api.TestAuth" name="test_login_doctor" time="0.452" /><testcase classname="tests.test_horizoncare_api.TestCatalog" name="test_doctors_and_next_available" time="0.414" /><testcase classname="tests.test_horizoncare_api.TestCatalog" name="test_doctor_slots" time="0.397" /><testcase classname="tests.test_horizoncare_api.TestAuth" name="test_login_admin" time="0.396" /><testcase classname="tests.test_horizoncare_api.TestBooking" name="test_booking_flow" time="2.018" /><testcase classname="tests.test_horizoncare_api.TestAuth" name="test_login_wrong_password" time="0.626" /><testcase classname="tests.test_horizoncare_api.TestAuth" name="test_me_bearer" time="0.595" /><testcase classname="tests.test_horizoncare_api.TestAuth" name="test_role_protected" time="0.686" /><testcase classname="tests.test_horizoncare_api.TestAuth" name="test_register_new_patient" time="0.349" /><testcase classname="tests.test_horizoncare_api.TestBooking" name="test_booking_past_slot" time="0.958" /><testcase classname="tests.test_horizoncare_api.TestDoctorFlow" name="test_doctor_profile_and_stats" time="0.836" /><testcase classname="tests.test_horizoncare_api.TestBooking" name="test_booking_unavailable" time="0.827" /><testcase classname="tests.test_horizoncare_api.TestDoctorFlow" name="test_doctor_queue_and_prescription" time="1.546" /><testcase classname="tests.test_horizoncare_api.TestAdmin" name="test_analytics" time="0.509" /><testcase classname="tests.test_horizoncare_api.TestAdmin" name="test_list_and_create_delete_doctor" time="1.573" /><testcase classname="tests.test_horizoncare_api.TestDoctorFlow" name="test_availability_update" time="1.063" /><testcase classname="tests.test_horizoncare_api.TestAI" name="test_symptom_check" time="4.475" /><testcase classname="tests.test_horizoncare_api.TestAdmin" name="test_export_csv" time="0.530" /><testcase classname="tests.test_horizoncare_api.TestReview" name="test_review_completed_appointment" time="0.805" /></testsuite></testsuites>